2017-08-31 19:15:00    8.41 ME0169.TXT 000000.00 000000.00 000294.68 000545.19 000325.69 000177.14
2017-08-31 19:30:00    8.66 ME0172.TXT 000000.00 000000.00 003319.68 005435.82 000281.30 000275.83
2017-08-31 19:45:00    8.91 ME0175.TXT 000000.00 000000.00 003702.62 006077.09 000278.30 000265.81
2017-08-31 20:00:00    9.16 ME0178.TXT 000000.00 000000.00 003719.37 006096.41 000281.75 000268.85
2017-08-31 20:30:00    9.66 ME0184.TXT 000000.00 000000.00 003683.22 006040.32 000278.27 000266.10
2017-08-31 20:45:00    9.91 ME0187.TXT 000000.00 000000.00 003657.18 005948.44 000274.59 000262.70
2017-08-31 21:00:00   10.16 ME0190.TXT 000000.00 000000.00 003607.13 005838.67 000266.01 000256.31
2017-08-31 21:15:00   10.41 ME0193.TXT 000000.00 000000.00 003614.65 005774.41 000267.11 000256.79
2017-08-31 21:30:00   10.66 ME0196.TXT 000000.00 000000.00 003619.81 005753.43 000273.26 000262.90
2017-08-31 21:45:00   10.91 ME0199.TXT 000000.00 000000.00 003642.57 005747.26 000277.18 000266.85
2017-08-31 22:00:00   11.16 ME0202.TXT 000000.00 000000.00 003651.26 005780.94 000280.44 000268.84
2017-08-31 22:15:00   11.41 ME0205.TXT 000000.00 000000.00 003624.73 005780.75 000273.36 000262.52
2017-08-31 22:30:00   11.66 ME0208.TXT 000000.00 000000.00 003611.91 005782.89 000266.85 000256.24
2017-08-31 22:45:00   11.91 ME0211.TXT 000000.00 000000.00 003594.18 005784.83 000263.16 000253.19
2017-08-31 23:00:00   12.16 ME0214.TXT 000000.00 000000.00 003589.65 005755.49 000261.76 000251.86
2017-08-31 23:15:00   12.41 ME0217.TXT 000000.00 000000.00 003596.44 005730.73 000267.61 000257.40
2017-08-31 23:30:00   12.66 ME0220.TXT 000000.00 000000.00 003631.39 005742.90 000274.10 000263.66
2017-08-31 23:45:00   12.91 ME0223.TXT 000000.00 000000.00 003628.02 005772.74 000277.47 000266.09
2017-09-01 00:00:00   13.16 ME0226.TXT 000000.00 000000.00 003628.06 005795.39 000274.02 000262.79
2017-09-01 00:15:00   13.41 ME0229.TXT 000000.00 000000.00 003611.36 005769.23 000269.96 000259.25
2017-09-01 00:30:00   13.66 ME0232.TXT 000000.00 000000.00 003584.64 005741.61 000263.32 000253.69
2017-09-01 00:45:00   13.91 ME0235.TXT 000000.00 000000.00 003591.68 005712.97 000266.41 000256.64
2017-09-01 01:00:00   14.16 ME0238.TXT 000000.00 000000.00 003605.94 005734.45 000268.95 000258.68
2017-09-01 01:15:00   14.41 ME0241.TXT 000000.00 000000.00 003636.69 005783.82 000275.40 000264.10
2017-09-01 01:30:00   14.66 ME0244.TXT 000000.00 000000.00 003625.48 005793.93 000274.78 000263.53
2017-09-01 01:45:00   14.91 ME0247.TXT 000000.00 000000.00 003626.68 005790.29 000272.11 000261.11
2017-09-01 02:00:00   15.16 ME0250.TXT 000000.00 000000.00 003594.34 005727.96 000266.19 000256.39
2017-09-01 02:15:00   15.41 ME0253.TXT 000000.00 000000.00 003601.15 005715.61 000263.97 000254.27
2017-09-01 02:30:00   15.66 ME0256.TXT 000000.00 000000.00 003618.62 005742.15 000270.77 000260.91
2017-09-01 02:45:00   15.91 ME0259.TXT 000000.00 000000.00 003629.64 005767.08 000270.90 000260.45
2017-09-01 03:00:00   16.16 ME0262.TXT 000000.00 000000.00 003649.25 005791.83 000279.94 000268.41
2017-09-01 03:15:00   16.41 ME0265.TXT 000000.00 000000.00 003629.28 005806.99 000275.47 000264.44
2017-09-01 03:30:00   16.66 ME0268.TXT 000000.00 000000.00 003620.05 005797.31 000269.89 000258.87
2017-09-01 03:45:00   16.91 ME0271.TXT 000000.00 000000.00 003582.37 005749.17 000261.62 000251.91
2017-09-01 04:00:00   17.16 ME0274.TXT 000000.00 000000.00 003585.21 005727.40 000261.87 000252.39
2017-09-01 04:15:00   17.41 ME0277.TXT 000000.00 000000.00 003592.13 005724.44 000267.38 000257.36
2017-09-01 04:30:00   17.66 ME0280.TXT 000000.00 000000.00 003620.84 005753.62 000270.54 000260.22
2017-09-01 04:45:00   17.91 ME0283.TXT 000000.00 000000.00 003629.54 005764.65 000274.86 000263.80
2017-09-01 05:00:00   18.16 ME0286.TXT 000000.00 000000.00 003627.07 005779.63 000270.93 000259.90
2017-09-01 05:15:00   18.41 ME0289.TXT 000000.00 000000.00 003608.82 005741.38 000268.42 000258.08
2017-09-01 05:30:00   18.66 ME0292.TXT 000000.00 000000.00 003585.99 005729.15 000260.70 000251.28
2017-09-01 05:45:00   18.91 ME0295.TXT 000000.00 000000.00 003592.24 005681.00 000263.60 000254.10
2017-09-01 06:00:00   19.16 ME0298.TXT 000000.00 000000.00 003595.31 005697.08 000266.78 000256.88
2017-09-01 06:15:00   19.41 ME0001.TXT 000000.00 000000.00 003625.42 005743.11 000270.85 000260.38
2017-09-01 06:30:00   19.66 ME0004.TXT 000000.00 000000.00 003621.71 005734.91 000272.65 000261.52
2017-09-01 06:45:00   19.91 ME0007.TXT 000000.00 000000.00 003609.68 005762.92 000267.46 000257.09
2017-09-01 07:00:00   20.16 ME0010.TXT 000000.00 000000.00 003594.86 005734.66 000263.93 000253.73
2017-09-01 07:15:00   20.41 ME0013.TXT 000000.00 000000.00 003589.25 005736.32 000260.71 000251.42
2017-09-01 07:30:00   20.66 ME0016.TXT 000000.00 000000.00 003598.49 005725.44 000263.99 000254.38
2017-09-01 07:45:00   20.91 ME0019.TXT 000000.00 000000.00 003598.97 005721.51 000266.00 000256.10
2017-09-01 08:00:00   21.16 ME0022.TXT 000000.00 000000.00 003636.14 005782.14 000274.61 000263.61
2017-09-01 08:15:00   21.41 ME0025.TXT 000000.00 000000.00 003634.57 005804.55 000274.61 000263.52
2017-09-01 08:30:00   21.66 ME0028.TXT 000000.00 000000.00 003646.05 005837.81 000271.75 000260.90
2017-09-01 08:45:00   21.91 ME0031.TXT 000000.00 000000.00 003596.05 005772.02 000264.02 000254.32
2017-09-01 09:00:00   22.16 ME0034.TXT 000000.00 000000.00 003585.78 005741.05 000260.85 000251.81
2017-09-01 09:15:00   22.41 ME0037.TXT 000000.00 000000.00 003592.66 005722.80 000266.65 000257.21
2017-09-01 09:30:00   22.66 ME0040.TXT 000000.00 000000.00 003584.09 005600.87 000266.63 000257.08
2017-09-01 09:45:00   22.91 ME0043.TXT 000000.00 000000.00 003561.57 005346.30 000268.51 000258.09
2017-09-01 10:00:00   23.16 ME0046.TXT 000000.00 000000.00 003473.94 004873.44 000256.40 000245.15
2017-09-01 10:15:00   23.41 ME0049.TXT 000000.00 000000.00 003444.12 004668.31 000250.33 000238.63
2017-09-01 10:30:00   23.66 ME0052.TXT 000000.00 000000.00 003406.47 004643.46 000240.57 000230.02
2017-09-01 10:45:00   23.91 ME0055.TXT 000000.00 000000.00 003387.77 004411.78 000237.57 000227.13
2017-09-01 11:00:00   24.16 ME0058.TXT 000000.00 000000.00 003377.19 004262.09 000239.77 000228.42
2017-09-01 11:15:00   24.41 ME0061.TXT 000000.00 000000.00 003408.29 004285.76 000244.52 000232.68
2017-09-01 11:30:00   24.66 ME0064.TXT 000000.00 000000.00 003421.83 004304.10 000251.21 000238.95
2017-09-03 19:45:00   80.91 ME0139.TXT 000000.00 000000.00 003279.98 003577.82 000236.27 000223.95
2017-09-03 20:00:00   81.16 ME0142.TXT 000000.00 000000.00 003260.71 003557.59 000233.16 000221.16
2017-09-03 20:15:00   81.41 ME0145.TXT 000000.00 000000.00 003243.82 003575.10 000220.32 000209.43
2017-09-03 20:30:00   81.66 ME0148.TXT 000000.00 000000.00 003245.42 003536.53 000220.86 000209.95
2017-09-03 20:45:00   81.91 ME0151.TXT 000000.00 000000.00 003254.17 003547.50 000225.96 000214.59
