Measurement End     EXEC TI       FILE   UL GbIP   DL GbIP    RLC UL    RLC DL
2017-09-21 19:15:00  168.16 ME0063.TXT 005918.21 006106.26 005860.06 005890.18 
2017-09-21 19:15:00  168.16 ME0064.TXT 000000.00 000000.00 000000.00 000000.00 
2017-09-21 19:30:00  168.41 ME0067.TXT 005754.29 005930.59 005728.08 005727.02 
2017-09-21 19:45:00  168.66 ME0070.TXT 005858.11 006041.79 005799.71 005834.65 
2017-09-21 20:00:00  168.91 ME0073.TXT 005831.58 006010.29 005792.12 005810.17 
2017-09-21 20:15:00  169.16 ME0076.TXT 005780.34 005907.98 005746.41 005704.04 
2017-09-21 20:30:00  169.41 ME0079.TXT 005834.10 006012.55 005785.23 005796.27 
2017-09-21 20:45:00  169.66 ME0082.TXT 005768.82 005943.37 005730.70 005738.40 
2017-09-21 21:00:00  169.91 ME0085.TXT 005841.68 005972.67 005794.04 005759.28 
2017-09-21 21:15:00  170.16 ME0088.TXT 005814.19 005996.91 005775.08 005799.02 
2017-09-21 21:30:00  170.41 ME0091.TXT 005786.46 005931.11 005752.05 005730.43 
2017-09-21 21:45:00  170.66 ME0094.TXT 005779.71 005960.59 005734.46 005751.63 
2017-09-21 22:00:00  170.91 ME0097.TXT 005734.82 005910.88 005695.27 005707.23 
2017-09-21 22:15:00  171.16 ME0100.TXT 005741.96 005919.51 005703.76 005715.02 
2017-09-21 22:30:00  171.41 ME0103.TXT 005799.24 005978.38 005754.53 005759.90 
2017-09-21 22:45:00  171.66 ME0106.TXT 005790.77 005942.04 005755.25 005729.95 
2017-09-21 23:00:00  171.91 ME0109.TXT 005814.17 005994.06 005773.69 005778.45 
2017-09-21 23:15:00  172.16 ME0112.TXT 005868.17 006048.26 005819.94 005840.64 
2017-09-21 23:30:00  172.41 ME0115.TXT 005851.03 006030.12 005808.95 005824.29 
2017-09-21 23:45:00  172.66 ME0118.TXT 005785.19 005936.21 005753.94 005726.57 
2017-09-22 00:00:00  172.91 ME0121.TXT 005838.84 006014.29 005784.07 005806.59 
2017-09-22 00:15:00  173.16 ME0124.TXT 005798.64 005946.13 005760.97 005737.64 
2017-09-22 00:30:00  173.41 ME0127.TXT 005608.09 005761.08 005598.34 005558.07 
2017-09-22 00:45:00  173.66 ME0130.TXT 005664.59 005802.45 005642.73 005599.99 
2017-09-22 01:00:00  173.91 ME0133.TXT 005704.63 005874.42 005679.09 005675.13 
2017-09-22 01:15:00  174.16 ME0136.TXT 005742.58 005911.22 005715.89 005711.69 
2017-09-22 01:30:00  174.41 ME0139.TXT 005634.04 005795.13 005616.80 005598.45 
2017-09-22 01:45:00  174.66 ME0142.TXT 005673.17 005842.73 005650.64 005642.93 
2017-09-22 02:00:00  174.91 ME0145.TXT 005700.30 005868.81 005670.25 005669.67 
2017-09-22 02:15:00  175.16 ME0148.TXT 005714.36 005886.61 005684.47 005685.08 
2017-09-22 02:30:00  175.41 ME0151.TXT 005723.68 005895.03 005701.87 005693.09 
2017-09-22 02:45:00  175.66 ME0154.TXT 005652.87 005820.02 005641.01 005624.89 
2017-09-22 03:00:00  175.91 ME0157.TXT 005641.17 005806.09 005635.05 005611.64 
2017-09-22 03:15:00  176.16 ME0160.TXT 005655.35 005821.91 005638.00 005621.63 
2017-09-22 03:30:00  176.41 ME0163.TXT 005649.32 005813.32 005641.59 005615.51 
2017-09-22 03:45:00  176.66 ME0166.TXT 005726.37 005898.75 005696.45 005697.42 
2017-09-22 04:00:00  176.91 ME0169.TXT 005686.41 005855.71 005661.61 005658.40 
2017-09-22 04:15:00  177.16 ME0172.TXT 005687.22 005856.31 005664.74 005657.73 
2017-09-22 04:30:00  177.41 ME0175.TXT 005773.60 005953.27 005734.00 005749.56 
2017-09-22 04:45:00  177.66 ME0178.TXT 005711.60 005884.26 005685.92 005679.22 
2017-09-22 05:00:00  177.91 ME0181.TXT 005712.05 005860.35 005680.83 005654.68 
2017-09-22 05:15:00  178.16 ME0184.TXT 005661.76 005821.99 005651.43 005622.54 
2017-09-22 05:30:00  178.41 ME0187.TXT 005681.12 005848.80 005662.67 005651.96 
2017-09-22 05:45:00  178.66 ME0190.TXT 005590.04 005746.42 005586.05 005553.64 
2017-09-22 06:00:00  178.91 ME0193.TXT 005588.02 005743.69 005588.40 005554.47 
2017-09-22 06:15:00  179.16 ME0196.TXT 005714.18 005880.75 005692.26 005689.49 
2017-09-22 06:30:00  179.41 ME0199.TXT 005771.69 005947.30 005728.44 005741.82 
2017-09-22 06:45:00  179.66 ME0202.TXT 005694.99 005864.36 005672.33 005669.91 
2017-09-22 07:00:00  179.91 ME0205.TXT 005690.24 005862.07 005666.19 005665.15 
2017-09-22 07:15:00  180.16 ME0208.TXT 005677.81 005818.88 005665.20 005617.30 
2017-09-22 07:30:00  180.41 ME0211.TXT 005584.28 005697.98 005567.30 005495.67 
2017-09-22 07:45:00  180.66 ME0214.TXT 005553.78 005712.08 005548.19 005515.18 
2017-09-22 08:00:00  180.91 ME0217.TXT 005714.64 005887.78 005685.98 005692.39 
2017-09-22 08:15:00  181.16 ME0220.TXT 005665.40 005832.56 005640.04 005634.30 
2017-09-22 08:30:00  181.41 ME0223.TXT 005672.72 005841.24 005648.07 005648.32 
2017-09-22 08:45:00  181.66 ME0226.TXT 005792.29 005932.56 005744.93 005725.68 
2017-09-22 09:00:00  181.91 ME0229.TXT 005803.39 005982.00 005760.86 005779.37 
2017-09-22 09:15:00  182.16 ME0232.TXT 005802.16 005981.82 005767.01 005773.91 
2017-09-22 09:30:00  182.41 ME0234.TXT 005722.55 005896.70 005687.07 005695.36 
2017-09-22 09:45:00  182.66 ME0236.TXT 002267.60 002331.59 000577.15 000551.98 
2017-09-22 09:30:00  182.41 ME0237.TXT 000000.00 000000.00 000000.00 000000.00 
2017-09-22 09:45:00  182.66 ME0239.TXT 000000.00 000000.00 004306.05 004385.93 
2017-09-22 10:00:00  182.91 ME0241.TXT 000000.00 000000.00 004252.84 004326.71 
2017-09-22 10:15:00  183.16 ME0243.TXT 000000.00 000000.00 004265.86 004345.85 
2017-09-22 10:30:00  183.41 ME0245.TXT 000000.00 000000.00 004263.56 004344.51 
2017-09-22 10:45:00  183.66 ME0247.TXT 000000.00 000000.00 004260.11 004260.92 
2017-09-22 11:00:00  183.91 ME0249.TXT 000000.00 000000.00 004253.99 004335.10 
2017-09-22 11:15:00  184.16 ME0251.TXT 000000.00 000000.00 004263.91 004289.73 
