Measurement End     EXEC TI       FILE UL CS RTP DL CS RTP UL PS RTP DL PS RTP   UL SCTP   DL SCTP
2017-11-23 01:45:00   -0.32 ME0050.TXT 000000.00 000000.00 000007.53 000012.70 000065.83 000065.81
2017-11-23 02:00:00   -0.07 ME0052.TXT 000000.00 000000.00 000000.00 000000.00 000000.00 000000.00
2017-11-23 02:00:00   -0.07 ME0053.TXT 000000.00 000000.00 001023.99 002098.52 000219.09 000207.18
2017-11-23 02:15:00    0.18 ME0056.TXT 000000.00 000000.00 000037.87 000066.22 000073.42 000075.38
2017-11-23 02:30:00    0.43 ME0059.TXT 000000.00 000000.00 000000.00 000000.06 000064.99 000065.55
2017-11-23 02:45:00    0.68 ME0062.TXT 000000.00 000000.00 000000.00 000000.07 000064.98 000065.54
2017-11-23 03:00:00    0.93 ME0064.TXT 000000.00 000000.00 000000.00 000000.00 000000.00 000000.00
2017-11-23 03:00:00    0.93 ME0065.TXT 000000.00 000000.00 000000.00 000000.08 000064.99 000065.55
2017-11-23 03:15:00    1.18 ME0068.TXT 000000.00 000000.00 000000.00 000000.08 000064.98 000065.52
2017-11-23 03:30:00    1.43 ME0071.TXT 000000.00 000000.00 000000.00 000000.02 000064.86 000065.07
2017-11-23 03:45:00    1.68 ME0074.TXT 000000.00 000000.00 000000.13 000000.00 000064.94 000065.46
2017-11-23 04:00:00    1.93 ME0076.TXT 000000.00 000000.00 000000.00 000000.00 000000.00 000000.00
2017-11-23 04:00:00    1.93 ME0077.TXT 000000.00 000000.00 000000.04 000000.00 000064.99 000065.58
2017-11-23 04:15:00    2.18 ME0080.TXT 000000.00 000000.00 000000.00 000000.00 000064.97 000065.56
2017-11-23 04:30:00    2.43 ME0083.TXT 000000.00 000000.00 000000.00 000000.01 000064.98 000065.57
2017-11-23 04:45:00    2.68 ME0086.TXT 000000.00 000000.00 000000.00 000000.00 000064.96 000065.54
2017-11-23 05:00:00    2.93 ME0088.TXT 000000.00 000000.00 000000.00 000000.00 000000.00 000000.00
2017-11-23 05:00:00    2.93 ME0089.TXT 000000.00 000000.00 000000.00 000000.00 000064.84 000065.03
2017-11-23 05:15:00    3.18 ME0092.TXT 000000.00 000000.00 001547.46 003639.17 000263.82 000244.89
2017-11-23 05:30:00    3.43 ME0095.TXT 000000.00 000000.00 001940.96 004077.97 000284.52 000263.62
2017-11-23 05:45:00    3.68 ME0098.TXT 000000.00 000000.00 001865.25 003896.90 000287.44 000266.48
2017-11-23 06:00:00    3.93 ME0100.TXT 000000.00 000000.00 000000.00 000000.00 000000.00 000000.00
2017-11-23 06:00:00    3.93 ME0101.TXT 000000.00 000000.00 001755.46 003802.56 000298.16 000274.81
2017-11-23 06:15:00    4.18 ME0104.TXT 000000.00 000000.00 001800.26 003863.46 000301.23 000278.99
2017-11-23 06:30:00    4.43 ME0107.TXT 000000.00 000000.00 001800.63 003886.85 000289.61 000268.81
2017-11-23 06:45:00    4.68 ME0110.TXT 000000.00 000000.00 001925.41 004160.51 000290.42 000270.51
2017-11-23 07:00:00    4.93 ME0112.TXT 000000.00 000000.00 000000.00 000000.00 000000.00 000000.00
2017-11-23 07:00:00    4.93 ME0113.TXT 000000.00 000000.00 001999.16 004254.06 000272.50 000257.08
2017-11-23 07:15:00    5.18 ME0116.TXT 000000.00 000000.00 001802.63 003857.11 000246.52 000233.45
