Measurement End     EXEC TI       FILE   UL GbIP   DL GbIP    RLC UL    RLC DL
2017-11-23 01:45:00    6.34 ME0049.TXT 000001.15 000000.87 000001.44 000000.72 
2017-11-23 01:45:00   -0.32 ME0050.TXT 000000.00 000000.00 000000.00 000000.00 
2017-11-23 02:00:00   -0.07 ME0052.TXT 000287.11 000297.85 000356.61 000262.27 
2017-11-23 02:00:00   -0.07 ME0053.TXT 000000.00 000000.00 000000.00 000000.00 
2017-11-23 02:15:00    0.18 ME0056.TXT 000007.02 000006.69 000008.28 000006.73 
2017-11-23 02:30:00    0.43 ME0059.TXT 000000.01 000000.01 000000.00 000000.00 
2017-11-23 02:45:00    0.68 ME0062.TXT 000000.01 000000.00 000000.00 000000.00 
2017-11-23 03:00:00    0.93 ME0064.TXT 000000.01 000000.01 000000.00 000000.00 
2017-11-23 03:00:00    0.93 ME0065.TXT 000000.00 000000.00 000000.00 000000.00 
2017-11-23 03:15:00    1.18 ME0068.TXT 000000.01 000000.00 000000.00 000000.00 
2017-11-23 03:30:00    1.43 ME0071.TXT 000000.00 000000.01 000000.00 000000.00 
2017-11-23 03:45:00    1.68 ME0074.TXT 000000.01 000000.00 000000.00 000000.00 
2017-11-23 04:00:00    1.93 ME0076.TXT 000000.01 000000.01 000000.00 000000.00 
2017-11-23 04:00:00    1.93 ME0077.TXT 000000.00 000000.00 000000.00 000000.00 
2017-11-23 04:15:00    2.18 ME0080.TXT 000000.01 000000.00 000000.00 000000.00 
2017-11-23 04:30:00    2.43 ME0083.TXT 000000.01 000000.01 000000.00 000000.00 
2017-11-23 04:45:00    2.68 ME0086.TXT 000000.01 000000.00 000000.00 000000.00 
2017-11-23 05:00:00    2.93 ME0088.TXT 000000.01 000000.01 000000.00 000000.00 
2017-11-23 05:00:00    2.93 ME0089.TXT 000000.00 000000.00 000000.00 000000.00 
2017-11-23 05:15:00    3.18 ME0092.TXT 000462.42 000470.94 000657.81 000509.91 
2017-11-23 05:30:00    3.43 ME0095.TXT 000478.28 000487.44 000726.97 000530.09 
2017-11-23 05:45:00    3.68 ME0098.TXT 000454.08 000462.82 000702.89 000500.00 
2017-11-23 06:00:00    3.93 ME0100.TXT 000429.01 000435.56 000668.23 000475.02 
2017-11-23 06:00:00    3.93 ME0101.TXT 000000.00 000000.00 000000.00 000000.00 
2017-11-23 06:15:00    4.18 ME0104.TXT 000462.08 000471.30 000698.18 000509.25 
2017-11-23 06:30:00    4.43 ME0107.TXT 000438.93 000448.27 000685.34 000490.58 
2017-11-23 06:45:00    4.68 ME0110.TXT 000526.43 000537.42 000771.63 000581.26 
2017-11-23 07:00:00    4.93 ME0112.TXT 000530.02 000542.36 000791.94 000581.58 
2017-11-23 07:00:00    4.93 ME0113.TXT 000000.00 000000.00 000000.00 000000.00 
2017-11-23 07:15:00    5.18 ME0116.TXT 000474.86 000486.90 000701.34 000508.03 
